[00:05:08] [ServerMain/INFO]: Environment: Environment[sessionHost=https://sessionserver.mojang.com, servicesHost=https://api.minecraftservices.com, name=PROD]
[00:05:10] [ServerMain/INFO]: Loaded 7 recipes
[00:05:11] [ServerMain/INFO]: Loaded 1271 advancements
[00:05:11] [Server thread/INFO]: Starting minecraft server version 1.20.4
[00:05:11] [Server thread/INFO]: Loading properties
[00:05:11] [Server thread/INFO]: Default game type: SURVIVAL
[00:05:11] [Server thread/INFO]: Generating keypair
[00:05:11] [Server thread/INFO]: Starting Minecraft server on *:25565
[00:05:12] [Server thread/INFO]: Using epoll channel type
[00:05:12] [Server thread/WARN]: **** SERVER IS RUNNING IN OFFLINE/INSECURE MODE!
[00:05:12] [Server thread/WARN]: The server will make no attempt to authenticate usernames. Beware.
[00:05:12] [Server thread/WARN]: While this makes the game possible to play without internet access, it also opens up the ability for hackers to connect with any username they choose.
[00:05:12] [Server thread/WARN]: To change this, set "online-mode" to "true" in the server.properties file.
[00:05:12] [Server thread/INFO]: Preparing level "world"
[00:05:17] [Server thread/INFO]: Preparing start region for dimension minecraft:overworld
[00:05:23] [Worker-Main-1/INFO]: Preparing spawn area: 0%
[00:05:23] [Worker-Main-1/INFO]: Preparing spawn area: 0%
[00:05:23] [Worker-Main-1/INFO]: Preparing spawn area: 0%
[00:05:23] [Worker-Main-1/INFO]: Preparing spawn area: 0%
[00:05:23] [Worker-Main-1/INFO]: Preparing spawn area: 0%
[00:05:23] [Worker-Main-1/INFO]: Preparing spawn area: 0%
[00:05:23] [Worker-Main-1/INFO]: Preparing spawn area: 0%
[00:05:23] [Worker-Main-1/INFO]: Preparing spawn area: 0%
[00:05:23] [Worker-Main-1/INFO]: Preparing spawn area: 0%
[00:05:23] [Worker-Main-1/INFO]: Preparing spawn area: 0%
[00:05:23] [Worker-Main-1/INFO]: Preparing spawn area: 0%
[00:05:23] [Worker-Main-1/INFO]: Preparing spawn area: 0%
[00:05:23] [Worker-Main-1/INFO]: Preparing spawn area: 0%
[00:05:24] [Server thread/INFO]: Time elapsed: 6599 ms
[00:05:24] [Server thread/INFO]: Done (12.426s)! For help, type "help"
[00:05:33] [Server thread/INFO]: 7go7[/[0:0:0:0:0:0:0:1%0]:42936] logged in with entity id 178 at (-41.69999998807907, 70.0, 32.64947967479526)
[00:05:33] [Server thread/INFO]: 7go7 joined the game
[00:10:58] [Server thread/INFO]: 7go7 lost connection: Disconnected
[00:10:58] [Server thread/INFO]: 7go7 left the game
